#
# There is insufficient memory for the Java Runtime Environment to continue.
# Native memory allocation (mmap) failed to map 67108864 bytes. Error detail: G1 virtual space
# Possible reasons:
#   The system is out of physical RAM or swap space
#   This process is running with CompressedOops enabled, and the Java Heap may be blocking the growth of the native heap
# Possible solutions:
#   Reduce memory load on the system
#   Increase physical memory or swap space
#   Check if swap backing store is full
#   Decrease Java heap size (-Xmx/-Xms)
#   Decrease number of Java threads
#   Decrease Java thread stack sizes (-Xss)
#   Set larger code cache with -XX:ReservedCodeCacheSize=
#   JVM is running with Zero Based Compressed Oops mode in which the Java heap is
#     placed in the first 32GB address space. The Java Heap base address is the
#     maximum limit for the native heap growth. Please use -XX:HeapBaseMinAddress
#     to set the Java Heap base and to place the Java Heap above 32GB virtual address.
# This output file may be truncated or incomplete.
#
#  Out of Memory Error (os_windows.cpp:3690), pid=30248, tid=32276
#
# JRE version: OpenJDK Runtime Environment Microsoft-12574423 (17.0.17+10) (build 17.0.17+10-LTS)
# Java VM: OpenJDK 64-Bit Server VM Microsoft-12574423 (17.0.17+10-LTS, mixed mode, sharing, tiered, compressed oops, compressed class ptrs, g1 gc, windows-amd64)
# No core dump will be written. Minidumps are not enabled by default on client versions of Windows
#

---------------  S U M M A R Y ------------

Command Line: -Dapplication.home=C:\Users\132\.jdks\ms-17.0.17 --add-modules=ALL-DEFAULT -Xms8m -Djdk.module.main=jdk.jlink jdk.jlink/jdk.tools.jlink.internal.Main --module-path C:\Users\132\.gradle\caches\transforms-3\235f08f49cc126c623153643f560dc84\transformed\output\temp\jmod --add-modules java.base --output C:\Users\132\.gradle\caches\transforms-3\235f08f49cc126c623153643f560dc84\transformed\output\jdkImage --disable-plugin system-modules

Host: 12th Gen Intel(R) Core(TM) i5-12450H, 12 cores, 15G,  Windows 11 , 64 bit Build 26100 (10.0.26100.6725)
Time: Mon Feb  2 23:05:27 2026  Windows 11 , 64 bit Build 26100 (10.0.26100.6725) elapsed time: 3.439871 seconds (0d 0h 0m 3s)

---------------  T H R E A D  ---------------

Current thread (0x000001645f7e82e0):  VMThread "VM Thread" [stack: 0x0000000a11400000,0x0000000a11500000] [id=32276]

Stack: [0x0000000a11400000,0x0000000a11500000]
Native frames: (J=compiled Java code, j=interpreted, Vv=VM code, C=native code)
V  [jvm.dll+0x68c459]  (no source info available)
V  [jvm.dll+0x845e09]  (no source info available)
V  [jvm.dll+0x847b78]  (no source info available)
V  [jvm.dll+0x848203]  (no source info available)
V  [jvm.dll+0x24cf6f]  (no source info available)
V  [jvm.dll+0x68b859]  (no source info available)
V  [jvm.dll+0x67fe1a]  (no source info available)
V  [jvm.dll+0x3100f0]  (no source info available)
V  [jvm.dll+0x30ff92]  (no source info available)
V  [jvm.dll+0x3174e9]  (no source info available)
V  [jvm.dll+0x3697c9]  (no source info available)
V  [jvm.dll+0x3699fd]  (no source info available)
V  [jvm.dll+0x2e68fa]  (no source info available)
V  [jvm.dll+0x2e4cf1]  (no source info available)
V  [jvm.dll+0x2e448c]  (no source info available)
V  [jvm.dll+0x328e1b]  (no source info available)
V  [jvm.dll+0x84ca8d]  (no source info available)
V  [jvm.dll+0x84d7a3]  (no source info available)
V  [jvm.dll+0x84dcd4]  (no source info available)
V  [jvm.dll+0x84e0b8]  (no source info available)
V  [jvm.dll+0x84e1ae]  (no source info available)
V  [jvm.dll+0x7f5a5c]  (no source info available)
V  [jvm.dll+0x68d9f7]  (no source info available)
C  [ucrtbase.dll+0x37b0]  (no source info available)
C  [KERNEL32.DLL+0x2e8d7]  (no source info available)
C  [ntdll.dll+0x8c53c]  (no source info available)

VM_Operation (0x0000000a10efec40): G1CollectForAllocation, mode: safepoint, requested by thread 0x000001643c5b3130


---------------  P R O C E S S  ---------------

Threads class SMR info:
_java_thread_list=0x000001645fa40590, length=14, elements={
0x000001643c5b3130, 0x000001645f7f0410, 0x000001645f7f2fe0, 0x000001645f80bb40,
0x000001645f810520, 0x000001645f810ee0, 0x000001645f8118a0, 0x000001645f814650,
0x000001645f815100, 0x000001645f816110, 0x000001645f929430, 0x000001645f93b930,
0x000001645f9885a0, 0x000001645fb53f40
}

Java Threads: ( => current thread )
  0x000001643c5b3130 JavaThread "main" [_thread_blocked, id=35192, stack(0x0000000a10e00000,0x0000000a10f00000)]
  0x000001645f7f0410 JavaThread "Reference Handler" daemon [_thread_blocked, id=21336, stack(0x0000000a11500000,0x0000000a11600000)]
  0x000001645f7f2fe0 JavaThread "Finalizer" daemon [_thread_blocked, id=29196, stack(0x0000000a11600000,0x0000000a11700000)]
  0x000001645f80bb40 JavaThread "Signal Dispatcher" daemon [_thread_blocked, id=37284, stack(0x0000000a11700000,0x0000000a11800000)]
  0x000001645f810520 JavaThread "Attach Listener" daemon [_thread_blocked, id=28768, stack(0x0000000a11800000,0x0000000a11900000)]
  0x000001645f810ee0 JavaThread "Service Thread" daemon [_thread_blocked, id=34740, stack(0x0000000a11900000,0x0000000a11a00000)]
  0x000001645f8118a0 JavaThread "Monitor Deflation Thread" daemon [_thread_blocked, id=30392, stack(0x0000000a11a00000,0x0000000a11b00000)]
  0x000001645f814650 JavaThread "C2 CompilerThread0" daemon [_thread_blocked, id=34788, stack(0x0000000a11b00000,0x0000000a11c00000)]
  0x000001645f815100 JavaThread "C1 CompilerThread0" daemon [_thread_blocked, id=36508, stack(0x0000000a11c00000,0x0000000a11d00000)]
  0x000001645f816110 JavaThread "Sweeper thread" daemon [_thread_blocked, id=35940, stack(0x0000000a11d00000,0x0000000a11e00000)]
  0x000001645f929430 JavaThread "Common-Cleaner" daemon [_thread_blocked, id=15992, stack(0x0000000a11e00000,0x0000000a11f00000)]
  0x000001645f93b930 JavaThread "C2 CompilerThread1" daemon [_thread_blocked, id=31488, stack(0x0000000a11f00000,0x0000000a12000000)]
  0x000001645f9885a0 JavaThread "Notification Thread" daemon [_thread_blocked, id=35056, stack(0x0000000a12000000,0x0000000a12100000)]
  0x000001645fb53f40 JavaThread "C2 CompilerThread2" daemon [_thread_blocked, id=33780, stack(0x0000000a12600000,0x0000000a12700000)]

Other Threads:
=>0x000001645f7e82e0 VMThread "VM Thread" [stack: 0x0000000a11400000,0x0000000a11500000] [id=32276]
  0x000001645f7d9c10 WatcherThread [stack: 0x0000000a12100000,0x0000000a12200000] [id=35360]
  0x000001643c620cb0 GCTaskThread "GC Thread#0" [stack: 0x0000000a10f00000,0x0000000a11000000] [id=36388]
  0x000001645fa2f770 GCTaskThread "GC Thread#1" [stack: 0x0000000a12200000,0x0000000a12300000] [id=28664]
  0x000001645fa38dd0 GCTaskThread "GC Thread#2" [stack: 0x0000000a12300000,0x0000000a12400000] [id=36752]
  0x000001645fa390a0 GCTaskThread "GC Thread#3" [stack: 0x0000000a12400000,0x0000000a12500000] [id=31152]
  0x000001645fb97cb0 GCTaskThread "GC Thread#4" [stack: 0x0000000a12500000,0x0000000a12600000] [id=28336]
  0x000001643c6317d0 ConcurrentGCThread "G1 Main Marker" [stack: 0x0000000a11000000,0x0000000a11100000] [id=32268]
  0x000001643c6330a0 ConcurrentGCThread "G1 Conc#0" [stack: 0x0000000a11100000,0x0000000a11200000] [id=34848]
  0x000001643c66e6c0 ConcurrentGCThread "G1 Refine#0" [stack: 0x0000000a11200000,0x0000000a11300000] [id=31904]
  0x000001645f6a1830 ConcurrentGCThread "G1 Service" [stack: 0x0000000a11300000,0x0000000a11400000] [id=14760]

Threads with active compile tasks:
C1 CompilerThread0  3480 1331       3       java.io.InputStream::readNBytes (292 bytes)
C2 CompilerThread1  3480 1195 %     4       jdk.tools.jlink.internal.ImageStringsWriter::get @ 38 (126 bytes)
C2 CompilerThread2  3480 1341       4       java.nio.Buffer::remaining (20 bytes)

VM state: at safepoint (normal execution)

VM Mutex/Monitor currently owned by a thread:  ([mutex/lock_event])
[0x000001643c5af580] Threads_lock - owner thread: 0x000001645f7e82e0
[0x000001643c5adf00] Heap_lock - owner thread: 0x000001643c5b3130

Heap address: 0x0000000704400000, size: 4028 MB, Compressed Oops mode: Zero based, Oop shift amount: 3

CDS archive(s) mapped at: [0x0000016460000000-0x0000016460bb0000-0x0000016460bb0000), size 12255232, SharedBaseAddress: 0x0000016460000000, ArchiveRelocationMode: 1.
Compressed class space mapped at: 0x0000016461000000-0x00000164a1000000, reserved size: 1073741824
Narrow klass base: 0x0000016460000000, Narrow klass shift: 0, Narrow klass range: 0x100000000

GC Precious Log:
 CPUs: 12 total, 12 available
 Memory: 16108M
 Large Page Support: Disabled
 NUMA Support: Disabled
 Compressed Oops: Enabled (Zero based)
 Heap Region Size: 2M
 Heap Min Capacity: 8M
 Heap Initial Capacity: 8M
 Heap Max Capacity: 4028M
 Pre-touch: Disabled
 Parallel Workers: 10
 Concurrent Workers: 3
 Concurrent Refinement Workers: 10
 Periodic GC: Disabled

Heap:
 garbage-first heap   total 32768K, used 4743K [0x0000000704400000, 0x0000000800000000)
  region size 2048K, 1 young (2048K), 1 survivors (2048K)
 Metaspace       used 2937K, committed 3200K, reserved 1114112K
  class space    used 328K, committed 448K, reserved 1048576K

Heap Regions: E=young(eden), S=young(survivor), O=old, HS=humongous(starts), HC=humongous(continues), CS=collection set, F=free, OA=open archive, CA=closed archive, TAMS=top-at-mark-start (previous, next)
|   0|0x0000000704400000, 0x0000000704600000, 0x0000000704600000|100%| O|  |TAMS 0x0000000704400000, 0x0000000704400000| Untracked 
|   1|0x0000000704600000, 0x0000000704623600, 0x0000000704800000|  6%| O|  |TAMS 0x0000000704600000, 0x0000000704600000| Untracked 
|   2|0x0000000704800000, 0x0000000704800000, 0x0000000704a00000|  0%| F|  |TAMS 0x0000000704800000, 0x0000000704800000| Untracked 
|   3|0x0000000704a00000, 0x0000000704a00000, 0x0000000704c00000|  0%| F|  |TAMS 0x0000000704a00000, 0x0000000704a00000| Untracked 
|   4|0x0000000704c00000, 0x0000000704c00000, 0x0000000704e00000|  0%| F|  |TAMS 0x0000000704c00000, 0x0000000704c00000| Untracked 
|   5|0x0000000704e00000, 0x0000000704e00000, 0x0000000705000000|  0%| F|  |TAMS 0x0000000704e00000, 0x0000000704e00000| Untracked 
|   6|0x0000000705000000, 0x0000000705000000, 0x0000000705200000|  0%| F|  |TAMS 0x0000000705000000, 0x0000000705000000| Untracked 
|   7|0x0000000705200000, 0x0000000705200000, 0x0000000705400000|  0%| F|  |TAMS 0x0000000705200000, 0x0000000705200000| Untracked 
|   8|0x0000000705400000, 0x0000000705400000, 0x0000000705600000|  0%| F|  |TAMS 0x0000000705400000, 0x0000000705400000| Untracked 
|   9|0x0000000705600000, 0x0000000705600000, 0x0000000705800000|  0%| F|  |TAMS 0x0000000705600000, 0x0000000705600000| Untracked 
|  10|0x0000000705800000, 0x0000000705800000, 0x0000000705a00000|  0%| F|  |TAMS 0x0000000705800000, 0x0000000705800000| Untracked 
|  11|0x0000000705a00000, 0x0000000705a00000, 0x0000000705c00000|  0%| F|  |TAMS 0x0000000705a00000, 0x0000000705a00000| Untracked 
|  12|0x0000000705c00000, 0x0000000705c7e8f8, 0x0000000705e00000| 24%| S|CS|TAMS 0x0000000705c00000, 0x0000000705c00000| Complete 
|  13|0x0000000705e00000, 0x0000000705e00000, 0x0000000706000000|  0%| F|  |TAMS 0x0000000705e00000, 0x0000000705e00000| Untracked 
|  14|0x0000000706000000, 0x0000000706000000, 0x0000000706200000|  0%| F|  |TAMS 0x0000000706000000, 0x0000000706000000| Untracked 
|2013|0x00000007ffe00000, 0x0000000800000000, 0x0000000800000000|100%| O|  |TAMS 0x00000007ffe00000, 0x00000007ffe00000| Untracked 

Card table byte_map: [0x0000016453e60000,0x0000016454640000] _byte_map_base: 0x000001645063e000

Marking Bits (Prev, Next): (CMBitMap*) 0x000001643c6212e0, (CMBitMap*) 0x000001643c621320
 Prev Bits: [0x0000016454e20000, 0x0000016458d10000)
 Next Bits: [0x0000016458d10000, 0x000001645cc00000)

Polling page: 0x000001643bd10000

Metaspace:

Usage:
  Non-class:      2.55 MB used.
      Class:    328.46 KB used.
       Both:      2.87 MB used.

Virtual space:
  Non-class space:       64.00 MB reserved,       2.69 MB (  4%) committed,  1 nodes.
      Class space:        1.00 GB reserved,     448.00 KB ( <1%) committed,  1 nodes.
             Both:        1.06 GB reserved,       3.12 MB ( <1%) committed. 

Chunk freelists:
   Non-Class:  11.09 MB
       Class:  15.50 MB
        Both:  26.59 MB

MaxMetaspaceSize: unlimited
CompressedClassSpaceSize: 1.00 GB
Initial GC threshold: 21.00 MB
Current GC threshold: 21.00 MB
CDS: on
MetaspaceReclaimPolicy: balanced
 - commit_granule_bytes: 65536.
 - commit_granule_words: 8192.
 - virtual_space_node_default_size: 8388608.
 - enlarge_chunks_in_place: 1.
 - new_chunks_are_fully_committed: 0.
 - uncommit_free_chunks: 1.
 - use_allocation_guard: 0.
 - handle_deallocations: 1.


Internal statistics:

num_allocs_failed_limit: 0.
num_arena_births: 274.
num_arena_deaths: 0.
num_vsnodes_births: 2.
num_vsnodes_deaths: 0.
num_space_committed: 50.
num_space_uncommitted: 0.
num_chunks_returned_to_freelist: 0.
num_chunks_taken_from_freelist: 351.
num_chunk_merges: 0.
num_chunk_splits: 196.
num_chunks_enlarged: 72.
num_inconsistent_stats: 0.

CodeHeap 'non-profiled nmethods': size=120000Kb used=555Kb max_used=555Kb free=119444Kb
 bounds [0x000001644bc00000, 0x000001644be70000, 0x0000016453130000]
CodeHeap 'profiled nmethods': size=120000Kb used=1994Kb max_used=1994Kb free=118005Kb
 bounds [0x0000016444130000, 0x00000164443a0000, 0x000001644b660000]
CodeHeap 'non-nmethods': size=5760Kb used=1151Kb max_used=1193Kb free=4608Kb
 bounds [0x000001644b660000, 0x000001644b8d0000, 0x000001644bc00000]
 total_blobs=1745 nmethods=1328 adapters=328
 compilation: enabled
              stopped_count=0, restarted_count=0
 full_count=0

Compilation events (20 events):
Event: 1.402 Thread 0x000001645f815100 1323   !   3       java.util.zip.ZipFile$ZipFileInputStream::read (135 bytes)
Event: 1.403 Thread 0x000001645f815100 nmethod 1323 0x000001644431eb90 code [0x000001644431edc0, 0x000001644431f498]
Event: 1.403 Thread 0x000001645f815100 1317       3       jdk.internal.misc.Unsafe::checkPrimitivePointer (19 bytes)
Event: 1.403 Thread 0x000001645f815100 nmethod 1317 0x000001644431f890 code [0x000001644431faa0, 0x00000164443200a8]
Event: 1.405 Thread 0x000001645f815100 1325       3       java.nio.channels.spi.AbstractInterruptibleChannel::isOpen (13 bytes)
Event: 1.405 Thread 0x000001645f815100 nmethod 1325 0x0000016444320310 code [0x00000164443204a0, 0x00000164443205f8]
Event: 1.405 Thread 0x000001645f815100 1324       1       sun.nio.ch.NativeThread::current (2 bytes)
Event: 1.405 Thread 0x000001645f815100 nmethod 1324 0x000001644bc8a310 code [0x000001644bc8a4a0, 0x000001644bc8a558]
Event: 1.405 Thread 0x000001645f815100 1326       1       java.nio.ByteBuffer::base (5 bytes)
Event: 1.405 Thread 0x000001645f815100 nmethod 1326 0x000001644bc8a610 code [0x000001644bc8a7a0, 0x000001644bc8a878]
Event: 1.405 Thread 0x000001645f815100 1327       1       java.nio.DirectByteBuffer::base (2 bytes)
Event: 1.405 Thread 0x000001645f815100 nmethod 1327 0x000001644bc8a910 code [0x000001644bc8aaa0, 0x000001644bc8ab78]
Event: 1.405 Thread 0x000001645f815100 1328       1       java.nio.DirectByteBuffer::isReadOnly (2 bytes)
Event: 1.405 Thread 0x000001645f815100 nmethod 1328 0x000001644bc8ac10 code [0x000001644bc8ada0, 0x000001644bc8ae78]
Event: 1.406 Thread 0x000001645f815100 1330       3       java.nio.MappedByteBuffer::position (6 bytes)
Event: 1.406 Thread 0x000001645f815100 nmethod 1330 0x0000016444320690 code [0x0000016444320840, 0x0000016444320a48]
Event: 1.406 Thread 0x000001645f815100 1334   !   3       java.util.zip.ZipFile$Source::getEntryPos (195 bytes)
Event: 1.407 Thread 0x000001645f815100 nmethod 1334 0x0000016444320b90 code [0x0000016444320ea0, 0x0000016444321fd8]
Event: 1.407 Thread 0x000001645f815100 1331       3       java.io.InputStream::readNBytes (292 bytes)
Event: 1.407 Thread 0x000001645fb53f40 1341       4       java.nio.Buffer::remaining (20 bytes)

GC Heap History (20 events):
Event: 0.191 GC heap after
{Heap after GC invocations=3 (full 0):
 garbage-first heap   total 8192K, used 2831K [0x0000000704400000, 0x0000000800000000)
  region size 2048K, 1 young (2048K), 1 survivors (2048K)
 Metaspace       used 2175K, committed 2368K, reserved 1114112K
  class space    used 240K, committed 320K, reserved 1048576K
}
Event: 0.224 GC heap before
{Heap before GC invocations=3 (full 0):
 garbage-first heap   total 8192K, used 4879K [0x0000000704400000, 0x0000000800000000)
  region size 2048K, 2 young (4096K), 1 survivors (2048K)
 Metaspace       used 2478K, committed 2752K, reserved 1114112K
  class space    used 290K, committed 448K, reserved 1048576K
}
Event: 0.226 GC heap after
{Heap after GC invocations=4 (full 0):
 garbage-first heap   total 10240K, used 3226K [0x0000000704400000, 0x0000000800000000)
  region size 2048K, 1 young (2048K), 1 survivors (2048K)
 Metaspace       used 2478K, committed 2752K, reserved 1114112K
  class space    used 290K, committed 448K, reserved 1048576K
}
Event: 0.248 GC heap before
{Heap before GC invocations=4 (full 0):
 garbage-first heap   total 10240K, used 5274K [0x0000000704400000, 0x0000000800000000)
  region size 2048K, 2 young (4096K), 1 survivors (2048K)
 Metaspace       used 2579K, committed 2816K, reserved 1114112K
  class space    used 306K, committed 448K, reserved 1048576K
}
Event: 0.249 GC heap after
{Heap after GC invocations=5 (full 0):
 garbage-first heap   total 16384K, used 3230K [0x0000000704400000, 0x0000000800000000)
  region size 2048K, 1 young (2048K), 1 survivors (2048K)
 Metaspace       used 2579K, committed 2816K, reserved 1114112K
  class space    used 306K, committed 448K, reserved 1048576K
}
Event: 0.272 GC heap before
{Heap before GC invocations=5 (full 0):
 garbage-first heap   total 16384K, used 5278K [0x0000000704400000, 0x0000000800000000)
  region size 2048K, 2 young (4096K), 1 survivors (2048K)
 Metaspace       used 2688K, committed 2944K, reserved 1114112K
  class space    used 318K, committed 448K, reserved 1048576K
}
Event: 0.273 GC heap after
{Heap after GC invocations=6 (full 0):
 garbage-first heap   total 16384K, used 3862K [0x0000000704400000, 0x0000000800000000)
  region size 2048K, 1 young (2048K), 1 survivors (2048K)
 Metaspace       used 2688K, committed 2944K, reserved 1114112K
  class space    used 318K, committed 448K, reserved 1048576K
}
Event: 0.294 GC heap before
{Heap before GC invocations=6 (full 0):
 garbage-first heap   total 16384K, used 5910K [0x0000000704400000, 0x0000000800000000)
  region size 2048K, 2 young (4096K), 1 survivors (2048K)
 Metaspace       used 2755K, committed 3008K, reserved 1114112K
  class space    used 318K, committed 448K, reserved 1048576K
}
Event: 0.296 GC heap after
{Heap after GC invocations=7 (full 0):
 garbage-first heap   total 16384K, used 4111K [0x0000000704400000, 0x0000000800000000)
  region size 2048K, 1 young (2048K), 1 survivors (2048K)
 Metaspace       used 2755K, committed 3008K, reserved 1114112K
  class space    used 318K, committed 448K, reserved 1048576K
}
Event: 0.305 GC heap before
{Heap before GC invocations=7 (full 0):
 garbage-first heap   total 16384K, used 6159K [0x0000000704400000, 0x0000000800000000)
  region size 2048K, 2 young (4096K), 1 survivors (2048K)
 Metaspace       used 2782K, committed 3008K, reserved 1114112K
  class space    used 318K, committed 448K, reserved 1048576K
}
Event: 0.307 GC heap after
{Heap after GC invocations=8 (full 0):
 garbage-first heap   total 16384K, used 4259K [0x0000000704400000, 0x0000000800000000)
  region size 2048K, 1 young (2048K), 1 survivors (2048K)
 Metaspace       used 2782K, committed 3008K, reserved 1114112K
  class space    used 318K, committed 448K, reserved 1048576K
}
Event: 0.340 GC heap before
{Heap before GC invocations=8 (full 0):
 garbage-first heap   total 16384K, used 6307K [0x0000000704400000, 0x0000000800000000)
  region size 2048K, 3 young (6144K), 1 survivors (2048K)
 Metaspace       used 2889K, committed 3136K, reserved 1114112K
  class space    used 328K, committed 448K, reserved 1048576K
}
Event: 1.348 GC heap after
{Heap after GC invocations=9 (full 0):
 garbage-first heap   total 32768K, used 5206K [0x0000000704400000, 0x0000000800000000)
  region size 2048K, 1 young (2048K), 1 survivors (2048K)
 Metaspace       used 2889K, committed 3136K, reserved 1114112K
  class space    used 328K, committed 448K, reserved 1048576K
}
Event: 1.374 GC heap before
{Heap before GC invocations=9 (full 0):
 garbage-first heap   total 32768K, used 7254K [0x0000000704400000, 0x0000000800000000)
  region size 2048K, 2 young (4096K), 1 survivors (2048K)
 Metaspace       used 2894K, committed 3136K, reserved 1114112K
  class space    used 328K, committed 448K, reserved 1048576K
}
Event: 1.377 GC heap after
{Heap after GC invocations=10 (full 0):
 garbage-first heap   total 32768K, used 4847K [0x0000000704400000, 0x0000000800000000)
  region size 2048K, 1 young (2048K), 1 survivors (2048K)
 Metaspace       used 2894K, committed 3136K, reserved 1114112K
  class space    used 328K, committed 448K, reserved 1048576K
}
Event: 1.392 GC heap before
{Heap before GC invocations=10 (full 0):
 garbage-first heap   total 32768K, used 6895K [0x0000000704400000, 0x0000000800000000)
  region size 2048K, 2 young (4096K), 1 survivors (2048K)
 Metaspace       used 2903K, committed 3136K, reserved 1114112K
  class space    used 328K, committed 448K, reserved 1048576K
}
Event: 1.393 GC heap after
{Heap after GC invocations=11 (full 0):
 garbage-first heap   total 32768K, used 4758K [0x0000000704400000, 0x0000000800000000)
  region size 2048K, 1 young (2048K), 1 survivors (2048K)
 Metaspace       used 2903K, committed 3136K, reserved 1114112K
  class space    used 328K, committed 448K, reserved 1048576K
}
Event: 1.401 GC heap before
{Heap before GC invocations=11 (full 0):
 garbage-first heap   total 32768K, used 6806K [0x0000000704400000, 0x0000000800000000)
  region size 2048K, 2 young (4096K), 1 survivors (2048K)
 Metaspace       used 2916K, committed 3200K, reserved 1114112K
  class space    used 328K, committed 448K, reserved 1048576K
}
Event: 1.402 GC heap after
{Heap after GC invocations=12 (full 0):
 garbage-first heap   total 32768K, used 4741K [0x0000000704400000, 0x0000000800000000)
  region size 2048K, 1 young (2048K), 1 survivors (2048K)
 Metaspace       used 2916K, committed 3200K, reserved 1114112K
  class space    used 328K, committed 448K, reserved 1048576K
}
Event: 1.408 GC heap before
{Heap before GC invocations=12 (full 0):
 garbage-first heap   total 32768K, used 6789K [0x0000000704400000, 0x0000000800000000)
  region size 2048K, 2 young (4096K), 1 survivors (2048K)
 Metaspace       used 2937K, committed 3200K, reserved 1114112K
  class space    used 328K, committed 448K, reserved 1048576K
}

Dll operation events (6 events):
Event: 0.012 Loaded shared library C:\Users\132\.jdks\ms-17.0.17\bin\java.dll
Event: 0.024 Loaded shared library C:\Users\132\.jdks\ms-17.0.17\bin\jsvml.dll
Event: 0.055 Loaded shared library C:\Users\132\.jdks\ms-17.0.17\bin\jimage.dll
Event: 0.087 Loaded shared library C:\Users\132\.jdks\ms-17.0.17\bin\net.dll
Event: 0.088 Loaded shared library C:\Users\132\.jdks\ms-17.0.17\bin\nio.dll
Event: 0.128 Loaded shared library C:\Users\132\.jdks\ms-17.0.17\bin\zip.dll

Deoptimization events (20 events):
Event: 0.201 Thread 0x000001643c5b3130 DEOPT PACKING pc=0x000001644bc40734 sp=0x0000000a10efe210
Event: 0.201 Thread 0x000001643c5b3130 DEOPT UNPACKING pc=0x000001644b6b69a3 sp=0x0000000a10efe198 mode 2
Event: 0.202 Thread 0x000001643c5b3130 Uncommon trap: trap_request=0xffffffde fr.pc=0x000001644bc40734 relative=0x0000000000000114
Event: 0.202 Thread 0x000001643c5b3130 Uncommon trap: reason=class_check action=maybe_recompile pc=0x000001644bc40734 method=jdk.internal.misc.Unsafe.allocateUninitializedArray(Ljava/lang/Class;I)Ljava/lang/Object; @ 51 c2
Event: 0.202 Thread 0x000001643c5b3130 DEOPT PACKING pc=0x000001644bc40734 sp=0x0000000a10efe4a0
Event: 0.202 Thread 0x000001643c5b3130 DEOPT UNPACKING pc=0x000001644b6b69a3 sp=0x0000000a10efe428 mode 2
Event: 0.202 Thread 0x000001643c5b3130 Uncommon trap: trap_request=0xffffffde fr.pc=0x000001644bc40734 relative=0x0000000000000114
Event: 0.202 Thread 0x000001643c5b3130 Uncommon trap: reason=class_check action=maybe_recompile pc=0x000001644bc40734 method=jdk.internal.misc.Unsafe.allocateUninitializedArray(Ljava/lang/Class;I)Ljava/lang/Object; @ 51 c2
Event: 0.202 Thread 0x000001643c5b3130 DEOPT PACKING pc=0x000001644bc40734 sp=0x0000000a10efe210
Event: 0.202 Thread 0x000001643c5b3130 DEOPT UNPACKING pc=0x000001644b6b69a3 sp=0x0000000a10efe198 mode 2
Event: 0.243 Thread 0x000001643c5b3130 Uncommon trap: trap_request=0xffffff45 fr.pc=0x000001644bc3bb78 relative=0x00000000000010b8
Event: 0.243 Thread 0x000001643c5b3130 Uncommon trap: reason=unstable_if action=reinterpret pc=0x000001644bc3bb78 method=java.util.LinkedHashMap.linkNodeLast(Ljava/util/LinkedHashMap$Entry;)V @ 11 c2
Event: 0.243 Thread 0x000001643c5b3130 DEOPT PACKING pc=0x000001644bc3bb78 sp=0x0000000a10efdef0
Event: 0.243 Thread 0x000001643c5b3130 DEOPT UNPACKING pc=0x000001644b6b69a3 sp=0x0000000a10efdd30 mode 2
Event: 0.243 Thread 0x000001643c5b3130 Uncommon trap: trap_request=0xffffff3d fr.pc=0x000001644bc3a4ec relative=0x0000000000000b0c
Event: 0.243 Thread 0x000001643c5b3130 Uncommon trap: reason=unstable_fused_if action=reinterpret pc=0x000001644bc3a4ec method=java.util.HashMap.resize()[Ljava/util/HashMap$Node; @ 31 c2
Event: 0.243 Thread 0x000001643c5b3130 DEOPT PACKING pc=0x000001644bc3a4ec sp=0x0000000a10efddb0
Event: 0.243 Thread 0x000001643c5b3130 DEOPT UNPACKING pc=0x000001644b6b69a3 sp=0x0000000a10efdd38 mode 2
Event: 1.400 Thread 0x000001643c5b3130 DEOPT PACKING pc=0x00000164441e1be3 sp=0x0000000a10efeb90
Event: 1.400 Thread 0x000001643c5b3130 DEOPT UNPACKING pc=0x000001644b6b7143 sp=0x0000000a10efdff0 mode 0

Classes loaded (20 events):
Event: 0.178 Loading class java/util/stream/Node$Builder done
Event: 0.178 Loading class java/util/stream/SpinedBuffer
Event: 0.178 Loading class java/util/stream/AbstractSpinedBuffer
Event: 0.178 Loading class java/util/stream/AbstractSpinedBuffer done
Event: 0.178 Loading class java/util/stream/SpinedBuffer done
Event: 0.178 Loading class java/util/stream/Nodes$SpinedNodeBuilder done
Event: 0.179 Loading class java/io/BufferedReader$1
Event: 0.179 Loading class java/io/BufferedReader$1 done
Event: 0.179 Loading class java/util/LinkedHashMap$LinkedValues
Event: 0.179 Loading class java/util/LinkedHashMap$LinkedValues done
Event: 0.180 Loading class java/util/LinkedHashMap$LinkedValueIterator
Event: 0.180 Loading class java/util/LinkedHashMap$LinkedValueIterator done
Event: 0.242 Loading class jdk/internal/module/ModuleInfo$DataInputWrapper
Event: 0.242 Loading class jdk/internal/module/ModuleInfo$DataInputWrapper done
Event: 0.259 Loading class java/util/Formatter$FixedString
Event: 0.259 Loading class java/util/Formatter$FixedString done
Event: 0.268 Loading class java/util/ComparableTimSort
Event: 0.268 Loading class java/util/ComparableTimSort done
Event: 0.327 Loading class java/util/stream/SortedOps$RefSortingSink
Event: 0.327 Loading class java/util/stream/SortedOps$RefSortingSink done

Classes unloaded (0 events):
No events

Classes redefined (0 events):
No events

Internal exceptions (20 events):
Event: 0.204 Thread 0x000001643c5b3130 Exception <a 'java/lang/NoSuchMethodError'{0x0000000704ab69c0}: 'java.lang.Object java.lang.invoke.DirectMethodHandle$Holder.invokeSpecial(java.lang.Object, java.lang.Object, java.lang.Object, java.lang.Object, java.lang.Object, java.lang.Object, java.lang.Object, java.lang.Object, java.lang.Object)'> (0x0000000704ab69c0) 
thrown [s\src\hotspot\share\interpreter\linkResolver.cpp, line 759]
Event: 0.204 Thread 0x000001643c5b3130 Exception <a 'java/lang/NoSuchMethodError'{0x0000000704abe868}: 'java.lang.Object java.lang.invoke.DirectMethodHandle$Holder.invokeSpecial(java.lang.Object, java.lang.Object, java.lang.Object, double)'> (0x0000000704abe868) 
thrown [s\src\hotspot\share\interpreter\linkResolver.cpp, line 759]
Event: 0.205 Thread 0x000001643c5b3130 Exception <a 'java/lang/NoSuchMethodError'{0x0000000704accf88}: 'java.lang.Object java.lang.invoke.DirectMethodHandle$Holder.invokeSpecial(java.lang.Object, java.lang.Object, java.lang.Object, int, java.lang.Object)'> (0x0000000704accf88) 
thrown [s\src\hotspot\share\interpreter\linkResolver.cpp, line 759]
Event: 0.207 Thread 0x000001643c5b3130 Exception <a 'java/lang/NoSuchMethodError'{0x0000000704aec908}: 'java.lang.Object java.lang.invoke.DirectMethodHandle$Holder.invokeSpecial(java.lang.Object, java.lang.Object, java.lang.Object, long, long)'> (0x0000000704aec908) 
thrown [s\src\hotspot\share\interpreter\linkResolver.cpp, line 759]
Event: 0.212 Thread 0x000001643c5b3130 Exception <a 'java/lang/NoSuchMethodError'{0x0000000704b302e8}: 'int java.lang.invoke.DirectMethodHandle$Holder.invokeSpecial(java.lang.Object, java.lang.Object, java.lang.Object)'> (0x0000000704b302e8) 
thrown [s\src\hotspot\share\interpreter\linkResolver.cpp, line 759]
Event: 0.214 Thread 0x000001643c5b3130 Exception <a 'java/lang/NoSuchMethodError'{0x0000000704b44158}: 'int java.lang.invoke.DirectMethodHandle$Holder.invokeSpecial(java.lang.Object, java.lang.Object, java.lang.Object, int)'> (0x0000000704b44158) 
thrown [s\src\hotspot\share\interpreter\linkResolver.cpp, line 759]
Event: 0.214 Thread 0x000001643c5b3130 Exception <a 'java/lang/NoSuchMethodError'{0x0000000704b4bad8}: 'java.lang.Object java.lang.invoke.DirectMethodHandle$Holder.invokeSpecial(java.lang.Object, java.lang.Object, java.lang.Object, java.lang.Object, java.lang.Object, java.lang.Object, java.lang.Object, java.lang.Object, java.lang.Object, java.lang.Object, java.lang.Object)'> (0x0000000704b4bad8) 
thrown [s\src\hotspot\share\interpreter\linkResolver.cpp, line 759]
Event: 0.214 Thread 0x000001643c5b3130 Exception <a 'java/lang/NoSuchMethodError'{0x0000000704b54128}: 'java.lang.Object java.lang.invoke.DirectMethodHandle$Holder.invokeSpecial(java.lang.Object, java.lang.Object, java.lang.Object, java.lang.Object, java.lang.Object, java.lang.Object, java.lang.Object, java.lang.Object, java.lang.Object, java.lang.Object, java.lang.Object, java.lang.Object)'> (0x0000000704b54128) 
thrown [s\src\hotspot\share\interpreter\linkResolver.cpp, line 759]
Event: 0.215 Thread 0x000001643c5b3130 Exception <a 'java/lang/NoSuchMethodError'{0x0000000704b5cb80}: 'java.lang.Object java.lang.invoke.DirectMethodHandle$Holder.invokeSpecial(java.lang.Object, java.lang.Object, java.lang.Object, java.lang.Object, java.lang.Object, java.lang.Object, java.lang.Object, java.lang.Object, java.lang.Object, java.lang.Object, java.lang.Object, java.lang.Object, java.lang.Object)'> (0x0000000704b5cb80) 
thrown [s\src\hotspot\share\interpreter\linkResolver.cpp, line 759]
Event: 0.215 Thread 0x000001643c5b3130 Exception <a 'java/lang/NoSuchMethodError'{0x0000000704b65998}: 'java.lang.Object java.lang.invoke.DirectMethodHandle$Holder.invokeSpecial(java.lang.Object, java.lang.Object, java.lang.Object, java.lang.Object, java.lang.Object, java.lang.Object, java.lang.Object, java.lang.Object, java.lang.Object, java.lang.Object, java.lang.Object, java.lang.Object, java.lang.Object, java.lang.Object)'> (0x0000000704b65998) 
thrown [s\src\hotspot\share\interpreter\linkResolver.cpp, line 759]
Event: 0.216 Thread 0x000001643c5b3130 Exception <a 'java/lang/NoSuchMethodError'{0x0000000704b6ef68}: 'java.lang.Object java.lang.invoke.DirectMethodHandle$Holder.invokeSpecial(java.lang.Object, java.lang.Object, java.lang.Object, java.lang.Object, java.lang.Object, java.lang.Object, java.lang.Object, java.lang.Object, java.lang.Object, java.lang.Object, java.lang.Object, java.lang.Object, java.lang.Object, java.lang.Object, java.lang.Object)'> (0x0000000704b6ef68) 
thrown [s\src\hotspot\share\interpreter\linkResolver.cpp, line 759]
Event: 0.216 Thread 0x000001643c5b3130 Exception <a 'java/lang/NoSuchMethodError'{0x0000000704b78528}: 'java.lang.Object java.lang.invoke.DirectMethodHandle$Holder.invokeSpecial(java.lang.Object, java.lang.Object, java.lang.Object, java.lang.Object, java.lang.Object, java.lang.Object, java.lang.Object, java.lang.Object, java.lang.Object, java.lang.Object, java.lang.Object, java.lang.Object, java.lang.Object, java.lang.Object, java.lang.Object, java.lang.Object)'> (0x0000000704b78528) 
thrown [s\src\hotspot\share\interpreter\linkResolver.cpp, li
Event: 0.218 Thread 0x000001643c5b3130 Exception <a 'java/lang/NoSuchMethodError'{0x0000000704b92230}: 'java.lang.Object java.lang.invoke.DirectMethodHandle$Holder.invokeSpecial(java.lang.Object, java.lang.Object, java.lang.Object, java.lang.Object, double)'> (0x0000000704b92230) 
thrown [s\src\hotspot\share\interpreter\linkResolver.cpp, line 759]
Event: 0.218 Thread 0x000001643c5b3130 Exception <a 'java/lang/NoSuchMethodError'{0x0000000704ba1030}: 'java.lang.Object java.lang.invoke.DirectMethodHandle$Holder.invokeSpecial(java.lang.Object, java.lang.Object, java.lang.Object, java.lang.Object, java.lang.Object, long)'> (0x0000000704ba1030) 
thrown [s\src\hotspot\share\interpreter\linkResolver.cpp, line 759]
Event: 0.219 Thread 0x000001643c5b3130 Exception <a 'java/lang/NoSuchMethodError'{0x0000000704bac2c0}: 'java.lang.Object java.lang.invoke.DirectMethodHandle$Holder.invokeSpecial(java.lang.Object, java.lang.Object, java.lang.Object, java.lang.Object, java.lang.Object, java.lang.Object, java.lang.Object, java.lang.Object, java.lang.Object, java.lang.Object)'> (0x0000000704bac2c0) 
thrown [s\src\hotspot\share\interpreter\linkResolver.cpp, line 759]
Event: 0.221 Thread 0x000001643c5b3130 Exception <a 'java/lang/NoSuchMethodError'{0x0000000704bc4e80}: 'int java.lang.invoke.DirectMethodHandle$Holder.invokeSpecial(java.lang.Object, java.lang.Object, int)'> (0x0000000704bc4e80) 
thrown [s\src\hotspot\share\interpreter\linkResolver.cpp, line 759]
Event: 0.243 Thread 0x000001643c5b3130 Exception <a 'java/lang/NoSuchMethodError'{0x0000000704bd3a78}: 'int java.lang.invoke.DirectMethodHandle$Holder.invokeStatic(java.lang.Object, java.lang.Object, java.lang.Object, java.lang.Object)'> (0x0000000704bd3a78) 
thrown [s\src\hotspot\share\interpreter\linkResolver.cpp, line 759]
Event: 0.250 Thread 0x000001643c5b3130 Exception <a 'java/lang/IncompatibleClassChangeError'{0x0000000705029020}: Found class java.lang.Object, but interface was expected> (0x0000000705029020) 
thrown [s\src\hotspot\share\interpreter\linkResolver.cpp, line 826]
Event: 0.259 Thread 0x000001643c5b3130 Exception <a 'java/lang/NoSuchMethodError'{0x00000007050a9310}: 'void java.lang.invoke.DirectMethodHandle$Holder.invokeStatic(java.lang.Object, java.lang.Object, java.lang.Object, java.lang.Object, java.lang.Object, java.lang.Object, java.lang.Object)'> (0x00000007050a9310) 
thrown [s\src\hotspot\share\interpreter\linkResolver.cpp, line 759]
Event: 0.260 Thread 0x000001643c5b3130 Exception <a 'java/lang/NoSuchMethodError'{0x00000007050b12a0}: 'java.lang.Object java.lang.invoke.DirectMethodHandle$Holder.newInvokeSpecial(java.lang.Object, java.lang.Object, java.lang.Object, java.lang.Object, java.lang.Object, java.lang.Object)'> (0x00000007050b12a0) 
thrown [s\src\hotspot\share\interpreter\linkResolver.cpp, line 759]

VM Operations (20 events):
Event: 0.191 Executing VM operation: G1CollectForAllocation done
Event: 0.224 Executing VM operation: G1CollectForAllocation
Event: 0.226 Executing VM operation: G1CollectForAllocation done
Event: 0.248 Executing VM operation: G1CollectForAllocation
Event: 0.249 Executing VM operation: G1CollectForAllocation done
Event: 0.272 Executing VM operation: G1CollectForAllocation
Event: 0.273 Executing VM operation: G1CollectForAllocation done
Event: 0.294 Executing VM operation: G1CollectForAllocation
Event: 0.296 Executing VM operation: G1CollectForAllocation done
Event: 0.305 Executing VM operation: G1CollectForAllocation
Event: 0.307 Executing VM operation: G1CollectForAllocation done
Event: 0.340 Executing VM operation: G1CollectForAllocation
Event: 1.350 Executing VM operation: G1CollectForAllocation done
Event: 1.374 Executing VM operation: G1CollectForAllocation
Event: 1.377 Executing VM operation: G1CollectForAllocation done
Event: 1.391 Executing VM operation: G1CollectForAllocation
Event: 1.393 Executing VM operation: G1CollectForAllocation done
Event: 1.401 Executing VM operation: G1CollectForAllocation
Event: 1.402 Executing VM operation: G1CollectForAllocation done
Event: 1.408 Executing VM operation: G1CollectForAllocation

Memory protections (0 events):
No events

Nmethod flushes (0 events):
No events

Events (14 events):
Event: 0.024 Thread 0x000001643c5b3130 Thread added: 0x000001643c5b3130
Event: 0.026 Thread 0x000001643c5b3130 Thread added: 0x000001645f7f0410
Event: 0.026 Thread 0x000001643c5b3130 Thread added: 0x000001645f7f2fe0
Event: 0.033 Thread 0x000001643c5b3130 Thread added: 0x000001645f80bb40
Event: 0.033 Thread 0x000001643c5b3130 Thread added: 0x000001645f810520
Event: 0.033 Thread 0x000001643c5b3130 Thread added: 0x000001645f810ee0
Event: 0.033 Thread 0x000001643c5b3130 Thread added: 0x000001645f8118a0
Event: 0.033 Thread 0x000001643c5b3130 Thread added: 0x000001645f814650
Event: 0.033 Thread 0x000001643c5b3130 Thread added: 0x000001645f815100
Event: 0.033 Thread 0x000001643c5b3130 Thread added: 0x000001645f816110
Event: 0.043 Thread 0x000001643c5b3130 Thread added: 0x000001645f929430
Event: 0.050 Thread 0x000001645f815100 Thread added: 0x000001645f93b930
Event: 0.053 Thread 0x000001643c5b3130 Thread added: 0x000001645f9885a0
Event: 0.183 Thread 0x000001645f815100 Thread added: 0x000001645fb53f40


Dynamic libraries:
0x00007ff7c7720000 - 0x00007ff7c7728000 	C:\Users\132\.jdks\ms-17.0.17\bin\jlink.exe
0x00007ff8c78c0000 - 0x00007ff8c7b28000 	C:\Windows\SYSTEM32\ntdll.dll
0x00007ff8c6590000 - 0x00007ff8c6659000 	C:\Windows\System32\KERNEL32.DLL
0x00007ff8c50e0000 - 0x00007ff8c54d2000 	C:\Windows\System32\KERNELBASE.dll
0x00007ff8c4ed0000 - 0x00007ff8c501b000 	C:\Windows\System32\ucrtbase.dll
0x00007ff8b4b70000 - 0x00007ff8b4b8e000 	C:\Users\132\.jdks\ms-17.0.17\bin\VCRUNTIME140.dll
0x00007ff8a5120000 - 0x00007ff8a5138000 	C:\Users\132\.jdks\ms-17.0.17\bin\jli.dll
0x00007ff8c7630000 - 0x00007ff8c77f5000 	C:\Windows\System32\USER32.dll
0x00007ff8c54e0000 - 0x00007ff8c5507000 	C:\Windows\System32\win32u.dll
0x00007ff8c6000000 - 0x00007ff8c602b000 	C:\Windows\System32\GDI32.dll
0x00007ff8c4ba0000 - 0x00007ff8c4ccd000 	C:\Windows\System32\gdi32full.dll
0x00007ff8c4a50000 - 0x00007ff8c4af3000 	C:\Windows\System32\msvcp_win.dll
0x00007ff8af740000 - 0x00007ff8af9d3000 	C:\Windows\WinSxS\amd64_microsoft.windows.common-controls_6595b64144ccf1df_6.0.26100.6899_none_3e0efeeae32e88c1\COMCTL32.dll
0x00007ff8c74c0000 - 0x00007ff8c7569000 	C:\Windows\System32\msvcrt.dll
0x00007ff8c7480000 - 0x00007ff8c74af000 	C:\Windows\System32\IMM32.DLL
0x00007ff8bc840000 - 0x00007ff8bc84c000 	C:\Users\132\.jdks\ms-17.0.17\bin\vcruntime140_1.dll
0x00007ff899e70000 - 0x00007ff899ef9000 	C:\Users\132\.jdks\ms-17.0.17\bin\msvcp140.dll
0x00007ff8464f0000 - 0x00007ff84716a000 	C:\Users\132\.jdks\ms-17.0.17\bin\server\jvm.dll
0x00007ff8c64d0000 - 0x00007ff8c6584000 	C:\Windows\System32\ADVAPI32.dll
0x00007ff8c6cb0000 - 0x00007ff8c6d56000 	C:\Windows\System32\sechost.dll
0x00007ff8c6760000 - 0x00007ff8c6878000 	C:\Windows\System32\RPCRT4.dll
0x00007ff8c6c30000 - 0x00007ff8c6ca4000 	C:\Windows\System32\WS2_32.dll
0x00007ff8c48a0000 - 0x00007ff8c48fe000 	C:\Windows\SYSTEM32\POWRPROF.dll
0x00007ff8b9de0000 - 0x00007ff8b9e15000 	C:\Windows\SYSTEM32\WINMM.dll
0x00007ff8c4380000 - 0x00007ff8c438b000 	C:\Windows\SYSTEM32\VERSION.dll
0x00007ff8c4880000 - 0x00007ff8c4894000 	C:\Windows\SYSTEM32\UMPDC.dll
0x00007ff8c37b0000 - 0x00007ff8c37cb000 	C:\Windows\SYSTEM32\kernel.appcore.dll
0x00007ff8a2880000 - 0x00007ff8a288a000 	C:\Users\132\.jdks\ms-17.0.17\bin\jimage.dll
0x00007ff8c2100000 - 0x00007ff8c2342000 	C:\Windows\SYSTEM32\DBGHELP.DLL
0x00007ff8c6880000 - 0x00007ff8c6bfb000 	C:\Windows\System32\combase.dll
0x00007ff8c6e30000 - 0x00007ff8c6f07000 	C:\Windows\System32\OLEAUT32.dll
0x00007ff8bc7e0000 - 0x00007ff8bc81c000 	C:\Windows\SYSTEM32\dbgcore.DLL
0x00007ff8c4b00000 - 0x00007ff8c4b98000 	C:\Windows\System32\bcryptPrimitives.dll
0x00007ff8a2840000 - 0x00007ff8a2866000 	C:\Users\132\.jdks\ms-17.0.17\bin\java.dll
0x00007ff88b1c0000 - 0x00007ff88b296000 	C:\Users\132\.jdks\ms-17.0.17\bin\jsvml.dll
0x00007ff8c58a0000 - 0x00007ff8c5fed000 	C:\Windows\System32\SHELL32.dll
0x00007ff8c4cd0000 - 0x00007ff8c4e3b000 	C:\Windows\System32\wintypes.dll
0x00007ff8c24c0000 - 0x00007ff8c2d1d000 	C:\Windows\SYSTEM32\windows.storage.dll
0x00007ff8c7190000 - 0x00007ff8c7282000 	C:\Windows\System32\SHCORE.dll
0x00007ff8c5830000 - 0x00007ff8c5892000 	C:\Windows\System32\shlwapi.dll
0x00007ff8c4970000 - 0x00007ff8c4999000 	C:\Windows\SYSTEM32\profapi.dll
0x00007ff8a0460000 - 0x00007ff8a047b000 	C:\Users\132\.jdks\ms-17.0.17\bin\net.dll
0x00007ff8b9930000 - 0x00007ff8b9a4f000 	C:\Windows\SYSTEM32\WINHTTP.dll
0x00007ff8c3d20000 - 0x00007ff8c3d8b000 	C:\Windows\system32\mswsock.dll
0x00007ff89ff00000 - 0x00007ff89ff16000 	C:\Users\132\.jdks\ms-17.0.17\bin\nio.dll
0x00007ff8a0580000 - 0x00007ff8a0598000 	C:\Users\132\.jdks\ms-17.0.17\bin\zip.dll

dbghelp: loaded successfully - version: 4.0.5 - missing functions: none
symbol engine: initialized successfully - sym options: 0x614 - pdb path: .;C:\Users\132\.jdks\ms-17.0.17\bin;C:\Windows\SYSTEM32;C:\Windows\WinSxS\amd64_microsoft.windows.common-controls_6595b64144ccf1df_6.0.26100.6899_none_3e0efeeae32e88c1;C:\Users\132\.jdks\ms-17.0.17\bin\server

VM Arguments:
jvm_args: -Dapplication.home=C:\Users\132\.jdks\ms-17.0.17 --add-modules=ALL-DEFAULT -Xms8m -Djdk.module.main=jdk.jlink 
java_command: jdk.jlink/jdk.tools.jlink.internal.Main --module-path C:\Users\132\.gradle\caches\transforms-3\235f08f49cc126c623153643f560dc84\transformed\output\temp\jmod --add-modules java.base --output C:\Users\132\.gradle\caches\transforms-3\235f08f49cc126c623153643f560dc84\transformed\output\jdkImage --disable-plugin system-modules
java_class_path (initial): <not set>
Launcher Type: SUN_STANDARD

[Global flags]
     intx CICompilerCount                          = 4                                         {product} {ergonomic}
     uint ConcGCThreads                            = 3                                         {product} {ergonomic}
     uint G1ConcRefinementThreads                  = 10                                        {product} {ergonomic}
   size_t G1HeapRegionSize                         = 2097152                                   {product} {ergonomic}
    uintx GCDrainStackTargetSize                   = 64                                        {product} {ergonomic}
   size_t InitialHeapSize                          = 8388608                                   {product} {command line}
   size_t MarkStackSize                            = 4194304                                   {product} {ergonomic}
   size_t MaxHeapSize                              = 4223664128                                {product} {ergonomic}
   size_t MaxNewSize                               = 2533359616                                {product} {ergonomic}
   size_t MinHeapDeltaBytes                        = 2097152                                   {product} {ergonomic}
   size_t MinHeapSize                              = 8388608                                   {product} {command line}
    uintx NonNMethodCodeHeapSize                   = 5839372                                {pd product} {ergonomic}
    uintx NonProfiledCodeHeapSize                  = 122909434                              {pd product} {ergonomic}
    uintx ProfiledCodeHeapSize                     = 122909434                              {pd product} {ergonomic}
    uintx ReservedCodeCacheSize                    = 251658240                              {pd product} {ergonomic}
     bool SegmentedCodeCache                       = true                                      {product} {ergonomic}
   size_t SoftMaxHeapSize                          = 4223664128                             {manageable} {ergonomic}
     bool UseCompressedClassPointers               = true                           {product lp64_product} {ergonomic}
     bool UseCompressedOops                        = true                           {product lp64_product} {ergonomic}
     bool UseG1GC                                  = true                                      {product} {ergonomic}
     bool UseLargePagesIndividualAllocation        = false                                  {pd product} {ergonomic}

Logging:
Log output configuration:
 #0: stdout all=warning uptime,level,tags
 #1: stderr all=off uptime,level,tags

Environment Variables:
PATH=C:\Windows\System32\HWAudioDriver;C:\Windows\system32;C:\Windows;C:\Windows\System32\Wbem;C:\Windows\System32\WindowsPowerShell\v1.0\;C:\Windows\System32\OpenSSH\;C:\Users\Administrator\AppData\Local\Microsoft\WindowsApps;C:\Program Files (x86)\dotnet\;C:\Program Files\Git\cmd;C:\Program Files\cursor\resources\app\bin;C:\Users\132\AppData\Local\Microsoft\WindowsApps;C:\Users\132\AppData\Local\Programs\Microsoft VS Code\bin;D:\GO\go\bin;C:\Program Files\JetBrains\GoLand 2025.3.1.1\bin
USERNAME=132
OS=Windows_NT
PROCESSOR_IDENTIFIER=Intel64 Family 6 Model 154 Stepping 3, GenuineIntel
TMP=C:\Users\132\AppData\Local\Temp
TEMP=C:\Users\132\AppData\Local\Temp



Periodic native trim disabled


---------------  S Y S T E M  ---------------

OS:
 Windows 11 , 64 bit Build 26100 (10.0.26100.6725)
OS uptime: 0 days 13:00 hours
Hyper-V role detected

CPU: total 12 (initial active 12) (6 cores per cpu, 2 threads per core) family 6 model 154 stepping 3 microcode 0x426, cx8, cmov, fxsr, ht, mmx, 3dnowpref, sse, sse2, sse3, ssse3, sse4.1, sse4.2, popcnt, lzcnt, tsc, tscinvbit, avx, avx2, aes, erms, clmul, bmi1, bmi2, adx, sha, fma, vzeroupper, clflush, clflushopt, clwb, hv
Processor Information for processor 0
  Max Mhz: 2000, Current Mhz: 2000, Mhz Limit: 2000
Processor Information for processor 1
  Max Mhz: 2000, Current Mhz: 2000, Mhz Limit: 2000
Processor Information for processor 2
  Max Mhz: 2000, Current Mhz: 2000, Mhz Limit: 2000
Processor Information for processor 3
  Max Mhz: 2000, Current Mhz: 2000, Mhz Limit: 2000
Processor Information for processor 4
  Max Mhz: 2000, Current Mhz: 2000, Mhz Limit: 2000
Processor Information for processor 5
  Max Mhz: 2000, Current Mhz: 2000, Mhz Limit: 2000
Processor Information for processor 6
  Max Mhz: 2000, Current Mhz: 2000, Mhz Limit: 2000
Processor Information for processor 7
  Max Mhz: 2000, Current Mhz: 2000, Mhz Limit: 2000
Processor Information for processor 8
  Max Mhz: 2000, Current Mhz: 2000, Mhz Limit: 2000
Processor Information for processor 9
  Max Mhz: 2000, Current Mhz: 2000, Mhz Limit: 2000
Processor Information for processor 10
  Max Mhz: 2000, Current Mhz: 1466, Mhz Limit: 2000
Processor Information for processor 11
  Max Mhz: 2000, Current Mhz: 2000, Mhz Limit: 2000

Memory: 4k page, system-wide physical 16108M (1521M free)
TotalPageFile size 16108M (AvailPageFile size 10M)
current process WorkingSet (physical memory assigned to process): 79M, peak: 79M
current process commit charge ("private bytes"): 136M, peak: 200M

vm_info: OpenJDK 64-Bit Server VM (17.0.17+10-LTS) for windows-amd64 JRE (17.0.17+10-LTS), built on Oct 13 2025 22:19:56 by "MicrosoftCorporation" with unknown MS VC++:1944

END.
